<!DOCTYPE html>

<html>
  <head>
  <meta charset='utf-8'>
  <title>TestNG reports</title>

    <link type="text/css" href="testng-reports1.css" rel="stylesheet" id="ultra" />
    <link type="text/css" href="testng-reports.css" rel="stylesheet" id="retro" disabled="false"/>
    <script type="text/javascript" src="jquery-3.6.0.min.js"></script>
    <script type="text/javascript" src="testng-reports.js"></script>
    <script type="text/javascript" src="https://www.google.com/jsapi"></script>
    <script type='text/javascript'>
      google.load('visualization', '1', {packages:['table']});
      google.setOnLoadCallback(drawTable);
      var suiteTableInitFunctions = new Array();
      var suiteTableData = new Array();
    </script>
    <!--
      <script type="text/javascript" src="jquery-ui/js/jquery-ui-1.8.16.custom.min.js"></script>
     -->
  </head>

  <body>    <div class="top-banner-root">
      <span class="top-banner-title-font">Test results</span>
      <button id="button" class="button">Switch Retro Theme</button> <!-- button -->
      <br/>
      <span class="top-banner-font-1">1 suite, 6 failed tests</span>
    </div> <!-- top-banner-root -->
    <div class="navigator-root">
      <div class="navigator-suite-header">
        <span>All suites</span>
        <a href="#" title="Collapse/expand all the suites" class="collapse-all-link">
          <img src="collapseall.gif" class="collapse-all-icon">
          </img> <!-- collapse-all-icon -->
        </a> <!-- collapse-all-link -->
      </div> <!-- navigator-suite-header -->
      <div class="suite">
        <div class="rounded-window">
          <div class="suite-header light-rounded-window-top">
            <a href="#" panel-name="suite-Selenium_Test_Framework" class="navigator-link">
              <span class="suite-name border-failed">Selenium Test Framework</span>
            </a> <!-- navigator-link -->
          </div> <!-- suite-header light-rounded-window-top -->
          <div class="navigator-suite-content">
            <div class="suite-section-title">
              <span>Info</span>
            </div> <!-- suite-section-title -->
            <div class="suite-section-content">
              <ul>
                <li>
                  <a href="#" panel-name="test-xml-Selenium_Test_Framework" class="navigator-link ">
                    <span>E:\MyStore\selenium-test-framework\testng.xml</span>
                  </a> <!-- navigator-link  -->
                </li>
                <li>
                  <a href="#" panel-name="testlist-Selenium_Test_Framework" class="navigator-link ">
                    <span class="test-stats">1 test</span>
                  </a> <!-- navigator-link  -->
                </li>
                <li>
                  <a href="#" panel-name="group-Selenium_Test_Framework" class="navigator-link ">
                    <span>3 groups</span>
                  </a> <!-- navigator-link  -->
                </li>
                <li>
                  <a href="#" panel-name="times-Selenium_Test_Framework" class="navigator-link ">
                    <span>Times</span>
                  </a> <!-- navigator-link  -->
                </li>
                <li>
                  <a href="#" panel-name="reporter-Selenium_Test_Framework" class="navigator-link ">
                    <span>Reporter output</span>
                  </a> <!-- navigator-link  -->
                </li>
                <li>
                  <a href="#" panel-name="ignored-methods-Selenium_Test_Framework" class="navigator-link ">
                    <span>Ignored methods</span>
                  </a> <!-- navigator-link  -->
                </li>
                <li>
                  <a href="#" panel-name="chronological-Selenium_Test_Framework" class="navigator-link ">
                    <span>Chronological view</span>
                  </a> <!-- navigator-link  -->
                </li>
              </ul>
            </div> <!-- suite-section-content -->
            <div class="result-section">
              <div class="suite-section-title">
                <span>Results</span>
              </div> <!-- suite-section-title -->
              <div class="suite-section-content">
                <ul>
                  <li>
                    <span class="method-stats">10 methods, 6 failed,  4 skipped,  </span>
                  </li>
                  <li>
                    <span class="method-list-title failed">Failed methods</span>
                    <span class="show-or-hide-methods failed">
                      <a href="#" panel-name="suite-Selenium_Test_Framework" class="hide-methods failed suite-Selenium_Test_Framework"> (hide)</a> <!-- hide-methods failed suite-Selenium_Test_Framework -->
                      <a href="#" panel-name="suite-Selenium_Test_Framework" class="show-methods failed suite-Selenium_Test_Framework"> (show)</a> <!-- show-methods failed suite-Selenium_Test_Framework -->
                    </span>
                    <div class="method-list-content failed suite-Selenium_Test_Framework">
                      <span>
                        <img src="failed.png" width="3%"/>
                        <a href="#" panel-name="suite-Selenium_Test_Framework" title="com.example.tests.LoginTest" class="method navigator-link" hash-for-method="testEmptyCredentials">testEmptyCredentials</a> <!-- method navigator-link -->
                      </span>
                      <br/>
                      <span>
                        <img src="failed.png" width="3%"/>
                        <a href="#" panel-name="suite-Selenium_Test_Framework" title="com.example.tests.SmokeTest" class="method navigator-link" hash-for-method="testHomePageLoad">testHomePageLoad</a> <!-- method navigator-link -->
                      </span>
                      <br/>
                      <span>
                        <img src="failed.png" width="3%"/>
                        <a href="#" panel-name="suite-Selenium_Test_Framework" title="com.example.tests.LoginTest" class="method navigator-link" hash-for-method="testInvalidLogin">testInvalidLogin</a> <!-- method navigator-link -->
                      </span>
                      <br/>
                      <span>
                        <img src="failed.png" width="3%"/>
                        <a href="#" panel-name="suite-Selenium_Test_Framework" title="com.example.tests.ProductDetailsTest" class="method navigator-link" hash-for-method="testProductDetails">testProductDetails</a> <!-- method navigator-link -->
                      </span>
                      <br/>
                      <span>
                        <img src="failed.png" width="3%"/>
                        <a href="#" panel-name="suite-Selenium_Test_Framework" title="com.example.tests.ActionDriverTest" class="method navigator-link" hash-for-method="testSearchFunctionality">testSearchFunctionality</a> <!-- method navigator-link -->
                      </span>
                      <br/>
                      <span>
                        <img src="failed.png" width="3%"/>
                        <a href="#" panel-name="suite-Selenium_Test_Framework" title="com.example.tests.LoginTest" class="method navigator-link" hash-for-method="testValidLogin">testValidLogin</a> <!-- method navigator-link -->
                      </span>
                      <br/>
                    </div> <!-- method-list-content failed suite-Selenium_Test_Framework -->
                  </li>
                  <li>
                    <span class="method-list-title skipped">Skipped methods</span>
                    <span class="show-or-hide-methods skipped">
                      <a href="#" panel-name="suite-Selenium_Test_Framework" class="hide-methods skipped suite-Selenium_Test_Framework"> (hide)</a> <!-- hide-methods skipped suite-Selenium_Test_Framework -->
                      <a href="#" panel-name="suite-Selenium_Test_Framework" class="show-methods skipped suite-Selenium_Test_Framework"> (show)</a> <!-- show-methods skipped suite-Selenium_Test_Framework -->
                    </span>
                    <div class="method-list-content skipped suite-Selenium_Test_Framework">
                      <span>
                        <img src="skipped.png" width="3%"/>
                        <a href="#" panel-name="suite-Selenium_Test_Framework" title="com.example.tests.ProductTest" class="method navigator-link" hash-for-method="testAddToCart">testAddToCart</a> <!-- method navigator-link -->
                      </span>
                      <br/>
                      <span>
                        <img src="skipped.png" width="3%"/>
                        <a href="#" panel-name="suite-Selenium_Test_Framework" title="com.example.tests.CartTest" class="method navigator-link" hash-for-method="testCartOperations">testCartOperations</a> <!-- method navigator-link -->
                      </span>
                      <br/>
                      <span>
                        <img src="skipped.png" width="3%"/>
                        <a href="#" panel-name="suite-Selenium_Test_Framework" title="com.example.tests.ProductTest" class="method navigator-link" hash-for-method="testProductSearch">testProductSearch</a> <!-- method navigator-link -->
                      </span>
                      <br/>
                      <span>
                        <img src="skipped.png" width="3%"/>
                        <a href="#" panel-name="suite-Selenium_Test_Framework" title="com.example.tests.LoginTest" class="method navigator-link" hash-for-method="testSignOut">testSignOut</a> <!-- method navigator-link -->
                      </span>
                      <br/>
                    </div> <!-- method-list-content skipped suite-Selenium_Test_Framework -->
                  </li>
                </ul>
              </div> <!-- suite-section-content -->
            </div> <!-- result-section -->
          </div> <!-- navigator-suite-content -->
        </div> <!-- rounded-window -->
      </div> <!-- suite -->
    </div> <!-- navigator-root -->
    <div class="wrapper">
      <div class="main-panel-root">
        <div panel-name="suite-Selenium_Test_Framework" class="panel Selenium_Test_Framework">
          <div class="suite-Selenium_Test_Framework-class-failed">
            <div class="main-panel-header rounded-window-top">
              <img src="failed.png"/>
              <span class="class-name">com.example.tests.SmokeTest</span>
            </div> <!-- main-panel-header rounded-window-top -->
            <div class="main-panel-content rounded-window-bottom">
              <div class="method">
                <div class="method-content">
                  <a name="testHomePageLoad">
                  </a> <!-- testHomePageLoad -->
                  <span class="method-name">testHomePageLoad</span>
                  <div class="stack-trace">java.lang.NullPointerException: Cannot invoke &quot;com.example.utils.Config.getProperty(String, String)&quot; because &quot;this.config&quot; is null
	at com.example.tests.SmokeTest.testHomePageLoad(SmokeTest.java:16)
	at java.base/java.util.ArrayList.forEach(ArrayList.java:1511)
... Removed 31 stack frames
</div> <!-- stack-trace -->
                  <em>
(Verify home page loads successfully)                  </em>
                </div> <!-- method-content -->
              </div> <!-- method -->
            </div> <!-- main-panel-content rounded-window-bottom -->
          </div> <!-- suite-Selenium_Test_Framework-class-failed -->
          <div class="suite-Selenium_Test_Framework-class-failed">
            <div class="main-panel-header rounded-window-top">
              <img src="failed.png"/>
              <span class="class-name">com.example.tests.ProductDetailsTest</span>
            </div> <!-- main-panel-header rounded-window-top -->
            <div class="main-panel-content rounded-window-bottom">
              <div class="method">
                <div class="method-content">
                  <a name="testProductDetails">
                  </a> <!-- testProductDetails -->
                  <span class="method-name">testProductDetails</span>
                  <div class="stack-trace">java.lang.NullPointerException: Cannot invoke &quot;java.util.Properties.getProperty(String)&quot; because &quot;this.productData&quot; is null
	at com.example.tests.ProductDetailsTest.testProductDetails(ProductDetailsTest.java:37)
	at java.base/java.util.ArrayList.forEach(ArrayList.java:1511)
... Removed 31 stack frames
</div> <!-- stack-trace -->
                </div> <!-- method-content -->
              </div> <!-- method -->
            </div> <!-- main-panel-content rounded-window-bottom -->
          </div> <!-- suite-Selenium_Test_Framework-class-failed -->
          <div class="suite-Selenium_Test_Framework-class-failed">
            <div class="main-panel-header rounded-window-top">
              <img src="failed.png"/>
              <span class="class-name">com.example.tests.LoginTest</span>
            </div> <!-- main-panel-header rounded-window-top -->
            <div class="main-panel-content rounded-window-bottom">
              <div class="method">
                <div class="method-content">
                  <a name="testEmptyCredentials">
                  </a> <!-- testEmptyCredentials -->
                  <span class="method-name">testEmptyCredentials</span>
                  <div class="stack-trace">java.lang.IllegalArgumentException: Driver must be set
	at org.openqa.selenium.internal.Require.nonNull(Require.java:60)
	at org.openqa.selenium.interactions.Actions.&lt;init&gt;(Actions.java:59)
	at com.example.utils.ActionDriver.&lt;init&gt;(ActionDriver.java:17)
	at com.example.pages.BasePage.&lt;init&gt;(BasePage.java:16)
	at com.example.pages.IndexPage.&lt;init&gt;(IndexPage.java:25)
	at com.example.tests.LoginTest.testEmptyCredentials(LoginTest.java:91)
	at java.base/java.util.ArrayList.forEach(ArrayList.java:1511)
... Removed 31 stack frames
</div> <!-- stack-trace -->
                  <em>
(Verify login validation with empty credentials)                  </em>
                </div> <!-- method-content -->
              </div> <!-- method -->
              <div class="method">
                <div class="method-content">
                  <a name="testInvalidLogin">
                  </a> <!-- testInvalidLogin -->
                  <span class="method-name">testInvalidLogin</span>
                  <div class="stack-trace">java.lang.IllegalArgumentException: Driver must be set
	at org.openqa.selenium.internal.Require.nonNull(Require.java:60)
	at org.openqa.selenium.interactions.Actions.&lt;init&gt;(Actions.java:59)
	at com.example.utils.ActionDriver.&lt;init&gt;(ActionDriver.java:17)
	at com.example.pages.BasePage.&lt;init&gt;(BasePage.java:16)
	at com.example.pages.IndexPage.&lt;init&gt;(IndexPage.java:25)
	at com.example.tests.LoginTest.testInvalidLogin(LoginTest.java:70)
	at java.base/java.util.ArrayList.forEach(ArrayList.java:1511)
... Removed 31 stack frames
</div> <!-- stack-trace -->
                  <em>
(Verify login failures with invalid credentials)                  </em>
                </div> <!-- method-content -->
              </div> <!-- method -->
              <div class="method">
                <div class="method-content">
                  <a name="testValidLogin">
                  </a> <!-- testValidLogin -->
                  <span class="method-name">testValidLogin</span>
                  <div class="stack-trace">java.lang.NullPointerException: Cannot invoke &quot;java.util.Properties.getProperty(String)&quot; because &quot;this.loginData&quot; is null
	at com.example.tests.LoginTest.testValidLogin(LoginTest.java:53)
	at java.base/java.util.ArrayList.forEach(ArrayList.java:1511)
... Removed 31 stack frames
</div> <!-- stack-trace -->
                  <em>
(Verify successful login with valid credentials)                  </em>
                </div> <!-- method-content -->
              </div> <!-- method -->
            </div> <!-- main-panel-content rounded-window-bottom -->
          </div> <!-- suite-Selenium_Test_Framework-class-failed -->
          <div class="suite-Selenium_Test_Framework-class-failed">
            <div class="main-panel-header rounded-window-top">
              <img src="failed.png"/>
              <span class="class-name">com.example.tests.ActionDriverTest</span>
            </div> <!-- main-panel-header rounded-window-top -->
            <div class="main-panel-content rounded-window-bottom">
              <div class="method">
                <div class="method-content">
                  <a name="testSearchFunctionality">
                  </a> <!-- testSearchFunctionality -->
                  <span class="method-name">testSearchFunctionality</span>
                  <div class="stack-trace">java.lang.AssertionError: Search results should be displayed expected [true] but found [false]
	at com.example.tests.ActionDriverTest.testSearchFunctionality(ActionDriverTest.java:54)
	at java.base/java.util.ArrayList.forEach(ArrayList.java:1511)
... Removed 34 stack frames
</div> <!-- stack-trace -->
                </div> <!-- method-content -->
              </div> <!-- method -->
            </div> <!-- main-panel-content rounded-window-bottom -->
          </div> <!-- suite-Selenium_Test_Framework-class-failed -->
          <div class="suite-Selenium_Test_Framework-class-skipped">
            <div class="main-panel-header rounded-window-top">
              <img src="skipped.png"/>
              <span class="class-name">com.example.tests.CartTest</span>
            </div> <!-- main-panel-header rounded-window-top -->
            <div class="main-panel-content rounded-window-bottom">
              <div class="method">
                <div class="method-content">
                  <a name="testCartOperations">
                  </a> <!-- testCartOperations -->
                  <span class="method-name">testCartOperations</span>
                  <div class="stack-trace">java.lang.IllegalArgumentException: Driver must be set
	at org.openqa.selenium.internal.Require.nonNull(Require.java:60)
	at org.openqa.selenium.interactions.Actions.&lt;init&gt;(Actions.java:59)
	at com.example.utils.ActionDriver.&lt;init&gt;(ActionDriver.java:17)
	at com.example.pages.BasePage.&lt;init&gt;(BasePage.java:16)
	at com.example.pages.ProductPage.&lt;init&gt;(ProductPage.java:40)
	at com.example.tests.CartTest.setUp(CartTest.java:23)
	at java.base/java.util.ArrayList.forEach(ArrayList.java:1511)
... Removed 29 stack frames
</div> <!-- stack-trace -->
                </div> <!-- method-content -->
              </div> <!-- method -->
            </div> <!-- main-panel-content rounded-window-bottom -->
          </div> <!-- suite-Selenium_Test_Framework-class-skipped -->
          <div class="suite-Selenium_Test_Framework-class-skipped">
            <div class="main-panel-header rounded-window-top">
              <img src="skipped.png"/>
              <span class="class-name">com.example.tests.LoginTest</span>
            </div> <!-- main-panel-header rounded-window-top -->
            <div class="main-panel-content rounded-window-bottom">
              <div class="method">
                <div class="method-content">
                  <a name="testSignOut">
                  </a> <!-- testSignOut -->
                  <span class="method-name">testSignOut</span>
                  <div class="stack-trace">java.lang.Throwable: Method com.example.tests.LoginTest.testSignOut() on instance com.example.tests.LoginTest@7966baa7 depends on not successfully finished methods 
[com.example.tests.LoginTest.testValidLogin() on instance com.example.tests.LoginTest@7966baa7]
	at java.base/java.util.ArrayList.forEach(ArrayList.java:1511)
... Removed 22 stack frames
</div> <!-- stack-trace -->
                  <em>
(Verify user can sign out successfully)                  </em>
                </div> <!-- method-content -->
              </div> <!-- method -->
            </div> <!-- main-panel-content rounded-window-bottom -->
          </div> <!-- suite-Selenium_Test_Framework-class-skipped -->
          <div class="suite-Selenium_Test_Framework-class-skipped">
            <div class="main-panel-header rounded-window-top">
              <img src="skipped.png"/>
              <span class="class-name">com.example.tests.ProductTest</span>
            </div> <!-- main-panel-header rounded-window-top -->
            <div class="main-panel-content rounded-window-bottom">
              <div class="method">
                <div class="method-content">
                  <a name="testAddToCart">
                  </a> <!-- testAddToCart -->
                  <span class="method-name">testAddToCart</span>
                  <div class="stack-trace">java.lang.IllegalArgumentException: Driver must be set
	at org.openqa.selenium.internal.Require.nonNull(Require.java:60)
	at org.openqa.selenium.interactions.Actions.&lt;init&gt;(Actions.java:59)
	at com.example.utils.ActionDriver.&lt;init&gt;(ActionDriver.java:17)
	at com.example.pages.BasePage.&lt;init&gt;(BasePage.java:16)
	at com.example.pages.ProductPage.&lt;init&gt;(ProductPage.java:40)
	at com.example.tests.ProductTest.setUp(ProductTest.java:28)
	at java.base/java.util.ArrayList.forEach(ArrayList.java:1511)
... Removed 35 stack frames
</div> <!-- stack-trace -->
                  <em>
(Verify adding product to cart)                  </em>
                </div> <!-- method-content -->
              </div> <!-- method -->
              <div class="method">
                <div class="method-content">
                  <a name="testProductSearch">
                  </a> <!-- testProductSearch -->
                  <span class="method-name">testProductSearch</span>
                  <div class="stack-trace">java.lang.IllegalArgumentException: Driver must be set
	at org.openqa.selenium.internal.Require.nonNull(Require.java:60)
	at org.openqa.selenium.interactions.Actions.&lt;init&gt;(Actions.java:59)
	at com.example.utils.ActionDriver.&lt;init&gt;(ActionDriver.java:17)
	at com.example.pages.BasePage.&lt;init&gt;(BasePage.java:16)
	at com.example.pages.ProductPage.&lt;init&gt;(ProductPage.java:40)
	at com.example.tests.ProductTest.setUp(ProductTest.java:28)
	at java.base/java.util.ArrayList.forEach(ArrayList.java:1511)
... Removed 35 stack frames
</div> <!-- stack-trace -->
                  <em>
(Verify product search functionality)                  </em>
                </div> <!-- method-content -->
              </div> <!-- method -->
            </div> <!-- main-panel-content rounded-window-bottom -->
          </div> <!-- suite-Selenium_Test_Framework-class-skipped -->
        </div> <!-- panel Selenium_Test_Framework -->
        <div panel-name="test-xml-Selenium_Test_Framework" class="panel">
          <div class="main-panel-header rounded-window-top">
            <span class="header-content">E:\MyStore\selenium-test-framework\testng.xml</span>
          </div> <!-- main-panel-header rounded-window-top -->
          <div class="main-panel-content rounded-window-bottom">
            <pre>
&lt;?xml version=&quot;1.0&quot; encoding=&quot;UTF-8&quot;?&gt;
&lt;!DOCTYPE suite SYSTEM &quot;https://testng.org/testng-1.0.dtd&quot;&gt;
&lt;suite name=&quot;Selenium Test Framework&quot; guice-stage=&quot;DEVELOPMENT&quot; verbose=&quot;0&quot;&gt;
  &lt;listeners&gt;
    &lt;listener class-name=&quot;com.example.utils.TestListener&quot;/&gt;
  &lt;/listeners&gt;
  &lt;test thread-count=&quot;5&quot; name=&quot;All Tests&quot; verbose=&quot;0&quot;&gt;
    &lt;packages&gt;
      &lt;package name=&quot;com.example.tests.*&quot;/&gt;
    &lt;/packages&gt;
    &lt;classes&gt;
      &lt;class name=&quot;com.example.tests.ActionDriverTest&quot;/&gt;
      &lt;class name=&quot;com.example.tests.BaseTest&quot;/&gt;
      &lt;class name=&quot;com.example.tests.CartTest&quot;/&gt;
      &lt;class name=&quot;com.example.tests.LoginTest&quot;/&gt;
      &lt;class name=&quot;com.example.tests.ProductDetailsTest&quot;/&gt;
      &lt;class name=&quot;com.example.tests.ProductTest&quot;/&gt;
      &lt;class name=&quot;com.example.tests.SmokeTest&quot;/&gt;
    &lt;/classes&gt;
  &lt;/test&gt; &lt;!-- All Tests --&gt;
&lt;/suite&gt; &lt;!-- Selenium Test Framework --&gt;
            </pre>
          </div> <!-- main-panel-content rounded-window-bottom -->
        </div> <!-- panel -->
        <div panel-name="testlist-Selenium_Test_Framework" class="panel">
          <div class="main-panel-header rounded-window-top">
            <span class="header-content">Tests for Selenium Test Framework</span>
          </div> <!-- main-panel-header rounded-window-top -->
          <div class="main-panel-content rounded-window-bottom">
            <ul>
              <li>
                <span class="test-name">All Tests (7 classes)</span>
              </li>
            </ul>
          </div> <!-- main-panel-content rounded-window-bottom -->
        </div> <!-- panel -->
        <div panel-name="group-Selenium_Test_Framework" class="panel">
          <div class="main-panel-header rounded-window-top">
            <span class="header-content">Groups for Selenium Test Framework</span>
          </div> <!-- main-panel-header rounded-window-top -->
          <div class="main-panel-content rounded-window-bottom">
            <div class="test-group">
              <span class="test-group-name">login</span>
              <br/>
              <div class="method-in-group">
                <span class="method-in-group-name">testEmptyCredentials</span>
                <br/>
              </div> <!-- method-in-group -->
              <div class="method-in-group">
                <span class="method-in-group-name">testInvalidLogin</span>
                <br/>
              </div> <!-- method-in-group -->
              <div class="method-in-group">
                <span class="method-in-group-name">testSignOut</span>
                <br/>
              </div> <!-- method-in-group -->
              <div class="method-in-group">
                <span class="method-in-group-name">testValidLogin</span>
                <br/>
              </div> <!-- method-in-group -->
            </div> <!-- test-group -->
            <div class="test-group">
              <span class="test-group-name">regression</span>
              <br/>
              <div class="method-in-group">
                <span class="method-in-group-name">testEmptyCredentials</span>
                <br/>
              </div> <!-- method-in-group -->
              <div class="method-in-group">
                <span class="method-in-group-name">testInvalidLogin</span>
                <br/>
              </div> <!-- method-in-group -->
            </div> <!-- test-group -->
            <div class="test-group">
              <span class="test-group-name">smoke</span>
              <br/>
              <div class="method-in-group">
                <span class="method-in-group-name">testSignOut</span>
                <br/>
              </div> <!-- method-in-group -->
              <div class="method-in-group">
                <span class="method-in-group-name">testValidLogin</span>
                <br/>
              </div> <!-- method-in-group -->
            </div> <!-- test-group -->
          </div> <!-- main-panel-content rounded-window-bottom -->
        </div> <!-- panel -->
        <div panel-name="times-Selenium_Test_Framework" class="panel">
          <div class="main-panel-header rounded-window-top">
            <span class="header-content">Times for Selenium Test Framework</span>
          </div> <!-- main-panel-header rounded-window-top -->
          <div class="main-panel-content rounded-window-bottom">
            <div class="times-div">
              <script type="text/javascript">
suiteTableInitFunctions.push('tableData_Selenium_Test_Framework');
function tableData_Selenium_Test_Framework() {
var data = new google.visualization.DataTable();
data.addColumn('number', 'Number');
data.addColumn('string', 'Method');
data.addColumn('string', 'Class');
data.addColumn('number', 'Time (ms)');
data.addRows(10);
data.setCell(0, 0, 0)
data.setCell(0, 1, 'testSearchFunctionality')
data.setCell(0, 2, 'com.example.tests.ActionDriverTest')
data.setCell(0, 3, 21838);
data.setCell(1, 0, 1)
data.setCell(1, 1, 'testInvalidLogin')
data.setCell(1, 2, 'com.example.tests.LoginTest')
data.setCell(1, 3, 2);
data.setCell(2, 0, 2)
data.setCell(2, 1, 'testValidLogin')
data.setCell(2, 2, 'com.example.tests.LoginTest')
data.setCell(2, 3, 2);
data.setCell(3, 0, 3)
data.setCell(3, 1, 'testHomePageLoad')
data.setCell(3, 2, 'com.example.tests.SmokeTest')
data.setCell(3, 3, 1);
data.setCell(4, 0, 4)
data.setCell(4, 1, 'testProductDetails')
data.setCell(4, 2, 'com.example.tests.ProductDetailsTest')
data.setCell(4, 3, 1);
data.setCell(5, 0, 5)
data.setCell(5, 1, 'testAddToCart')
data.setCell(5, 2, 'com.example.tests.ProductTest')
data.setCell(5, 3, 1);
data.setCell(6, 0, 6)
data.setCell(6, 1, 'testEmptyCredentials')
data.setCell(6, 2, 'com.example.tests.LoginTest')
data.setCell(6, 3, 0);
data.setCell(7, 0, 7)
data.setCell(7, 1, 'testSignOut')
data.setCell(7, 2, 'com.example.tests.LoginTest')
data.setCell(7, 3, 0);
data.setCell(8, 0, 8)
data.setCell(8, 1, 'testCartOperations')
data.setCell(8, 2, 'com.example.tests.CartTest')
data.setCell(8, 3, 0);
data.setCell(9, 0, 9)
data.setCell(9, 1, 'testProductSearch')
data.setCell(9, 2, 'com.example.tests.ProductTest')
data.setCell(9, 3, 0);
window.suiteTableData['Selenium_Test_Framework']= { tableData: data, tableDiv: 'times-div-Selenium_Test_Framework'}
return data;
}
              </script>
              <span class="suite-total-time">Total running time: 21 seconds</span>
              <div id="times-div-Selenium_Test_Framework">
              </div> <!-- times-div-Selenium_Test_Framework -->
            </div> <!-- times-div -->
          </div> <!-- main-panel-content rounded-window-bottom -->
        </div> <!-- panel -->
        <div panel-name="reporter-Selenium_Test_Framework" class="panel">
          <div class="main-panel-header rounded-window-top">
            <span class="header-content">Reporter output for Selenium Test Framework</span>
          </div> <!-- main-panel-header rounded-window-top -->
          <div class="main-panel-content rounded-window-bottom">
          </div> <!-- main-panel-content rounded-window-bottom -->
        </div> <!-- panel -->
        <div panel-name="ignored-methods-Selenium_Test_Framework" class="panel">
          <div class="main-panel-header rounded-window-top">
            <span class="header-content">8 ignored methods</span>
          </div> <!-- main-panel-header rounded-window-top -->
          <div class="main-panel-content rounded-window-bottom">
            <div class="ignored-class-div">
              <span class="ignored-class-name">com.example.tests.SmokeTest</span>
              <div class="ignored-methods-div">
                <span class="ignored-method-name">setUp</span>
                <br/>
                <span class="ignored-method-name">tearDown</span>
                <br/>
              </div> <!-- ignored-methods-div -->
            </div> <!-- ignored-class-div -->
            <div class="ignored-class-div">
              <span class="ignored-class-name">com.example.tests.CartTest</span>
              <div class="ignored-methods-div">
                <span class="ignored-method-name">tearDown</span>
                <br/>
              </div> <!-- ignored-methods-div -->
            </div> <!-- ignored-class-div -->
            <div class="ignored-class-div">
              <span class="ignored-class-name">com.example.tests.ProductDetailsTest</span>
              <div class="ignored-methods-div">
                <span class="ignored-method-name">setUp</span>
                <br/>
                <span class="ignored-method-name">tearDown</span>
                <br/>
              </div> <!-- ignored-methods-div -->
            </div> <!-- ignored-class-div -->
            <div class="ignored-class-div">
              <span class="ignored-class-name">com.example.tests.LoginTest</span>
              <div class="ignored-methods-div">
                <span class="ignored-method-name">tearDown</span>
                <br/>
                <span class="ignored-method-name">setUp</span>
                <br/>
              </div> <!-- ignored-methods-div -->
            </div> <!-- ignored-class-div -->
            <div class="ignored-class-div">
              <span class="ignored-class-name">com.example.tests.ProductTest</span>
              <div class="ignored-methods-div">
                <span class="ignored-method-name">tearDown</span>
                <br/>
              </div> <!-- ignored-methods-div -->
            </div> <!-- ignored-class-div -->
          </div> <!-- main-panel-content rounded-window-bottom -->
        </div> <!-- panel -->
        <div panel-name="chronological-Selenium_Test_Framework" class="panel">
          <div class="main-panel-header rounded-window-top">
            <span class="header-content">Methods in chronological order</span>
          </div> <!-- main-panel-header rounded-window-top -->
          <div class="main-panel-content rounded-window-bottom">
            <div class="chronological-class">
              <div class="chronological-class-name">com.example.tests.BaseTest</div> <!-- chronological-class-name -->
              <div class="configuration-test before">
                <span class="method-name">setUp</span>
                <span class="method-start">0 ms</span>
              </div> <!-- configuration-test before -->
            </div> <!-- chronological-class -->
            <div class="chronological-class">
              <div class="chronological-class-name">com.example.tests.ActionDriverTest</div> <!-- chronological-class-name -->
              <div class="configuration-class before">
                <span class="method-name">setUp</span>
                <span class="method-start">2013 ms</span>
              </div> <!-- configuration-class before -->
              <div class="test-method">
                <img src="failed.png">
                </img>
                <span class="method-name">testSearchFunctionality</span>
                <span class="method-start">3172 ms</span>
              </div> <!-- test-method -->
              <div class="configuration-class after">
                <span class="method-name">tearDown</span>
                <span class="method-start">25174 ms</span>
              </div> <!-- configuration-class after -->
            </div> <!-- chronological-class -->
            <div class="chronological-class">
              <div class="chronological-class-name">com.example.tests.CartTest</div> <!-- chronological-class-name -->
              <div class="configuration-class before">
                <img src="failed.png">
                </img>
                <span class="method-name">setUp</span>
                <span class="method-start">25507 ms</span>
              </div> <!-- configuration-class before -->
            </div> <!-- chronological-class -->
            <div class="chronological-class">
              <div class="chronological-class-name">com.example.tests.LoginTest</div> <!-- chronological-class-name -->
              <div class="test-method">
                <img src="failed.png">
                </img>
                <span class="method-name">testValidLogin</span>
                <span class="method-start">25515 ms</span>
              </div> <!-- test-method -->
              <div class="test-method">
                <img src="failed.png">
                </img>
                <span class="method-name">testInvalidLogin</span>
                <span class="method-start">25639 ms</span>
              </div> <!-- test-method -->
              <div class="test-method">
                <img src="failed.png">
                </img>
                <span class="method-name">testEmptyCredentials</span>
                <span class="method-start">25749 ms</span>
              </div> <!-- test-method -->
            </div> <!-- chronological-class -->
            <div class="chronological-class">
              <div class="chronological-class-name">com.example.tests.ProductDetailsTest</div> <!-- chronological-class-name -->
              <div class="test-method">
                <img src="failed.png">
                </img>
                <span class="method-name">testProductDetails</span>
                <span class="method-start">25855 ms</span>
              </div> <!-- test-method -->
            </div> <!-- chronological-class -->
            <div class="chronological-class">
              <div class="chronological-class-name">com.example.tests.ProductTest</div> <!-- chronological-class-name -->
              <div class="configuration-class before">
                <span class="method-name">setUpClass</span>
                <span class="method-start">25965 ms</span>
              </div> <!-- configuration-class before -->
              <div class="configuration-method before">
                <img src="failed.png">
                </img>
                <span class="method-name">setUp</span>
                <span class="method-start">25965 ms</span>
              </div> <!-- configuration-method before -->
              <div class="configuration-method before">
                <span class="method-name">setUp</span>
                <span class="method-start">25969 ms</span>
              </div> <!-- configuration-method before -->
            </div> <!-- chronological-class -->
            <div class="chronological-class">
              <div class="chronological-class-name">com.example.tests.SmokeTest</div> <!-- chronological-class-name -->
              <div class="test-method">
                <img src="failed.png">
                </img>
                <span class="method-name">testHomePageLoad</span>
                <span class="method-start">25971 ms</span>
              </div> <!-- test-method -->
            </div> <!-- chronological-class -->
            <div class="chronological-class">
              <div class="chronological-class-name">com.example.tests.BaseTest</div> <!-- chronological-class-name -->
              <div class="configuration-test after">
                <span class="method-name">tearDown</span>
                <span class="method-start">26087 ms</span>
              </div> <!-- configuration-test after -->
          </div> <!-- main-panel-content rounded-window-bottom -->
        </div> <!-- panel -->
      </div> <!-- main-panel-root -->
    </div> <!-- wrapper -->
  </body>
<script type="text/javascript" src="testng-reports2.js"></script>
</html>
