<?xml version="1.0" encoding="UTF-8"?>
<!-- Generated by org.testng.reporters.JUnitXMLReporter -->
<testsuite ignored="8" hostname="DESKTOP-5U4DM2C" failures="6" tests="10" name="All Tests" time="26.524" errors="0" timestamp="2025-04-22T17:40:21 IST">
  <testcase classname="com.example.tests.CartTest" name="@BeforeClass setUp" time="0.002">
    <failure type="java.lang.IllegalArgumentException" message="Driver must be set">
      <![CDATA[java.lang.IllegalArgumentException: Driver must be set
at org.openqa.selenium.internal.Require.nonNull(Require.java:60)
at org.openqa.selenium.interactions.Actions.<init>(Actions.java:59)
at com.example.utils.ActionDriver.<init>(ActionDriver.java:17)
at com.example.pages.BasePage.<init>(BasePage.java:16)
at com.example.pages.ProductPage.<init>(ProductPage.java:40)
at com.example.tests.CartTest.setUp(CartTest.java:23)
at java.base/java.util.ArrayList.forEach(ArrayList.java:1511)
... Removed 29 stack frames]]>
    </failure>
  </testcase> <!-- @BeforeClass setUp -->
  <testcase classname="com.example.tests.ProductTest" name="@BeforeMethod setUp" time="0.0">
    <failure type="java.lang.IllegalArgumentException" message="Driver must be set">
      <![CDATA[java.lang.IllegalArgumentException: Driver must be set
at org.openqa.selenium.internal.Require.nonNull(Require.java:60)
at org.openqa.selenium.interactions.Actions.<init>(Actions.java:59)
at com.example.utils.ActionDriver.<init>(ActionDriver.java:17)
at com.example.pages.BasePage.<init>(BasePage.java:16)
at com.example.pages.ProductPage.<init>(ProductPage.java:40)
at com.example.tests.ProductTest.setUp(ProductTest.java:28)
at java.base/java.util.ArrayList.forEach(ArrayList.java:1511)
... Removed 35 stack frames]]>
    </failure>
  </testcase> <!-- @BeforeMethod setUp -->
  <testcase classname="com.example.tests.ProductTest" name="@AfterMethod cleanUp" time="0.0">
    <skipped/>
  </testcase> <!-- @AfterMethod cleanUp -->
  <testcase classname="com.example.tests.ProductTest" name="@BeforeMethod setUp" time="0.0">
    <skipped/>
  </testcase> <!-- @BeforeMethod setUp -->
  <testcase classname="com.example.tests.ProductTest" name="@AfterMethod cleanUp" time="0.0">
    <skipped/>
  </testcase> <!-- @AfterMethod cleanUp -->
  <testcase classname="com.example.tests.ActionDriverTest" name="testSearchFunctionality" time="21.838">
    <failure type="java.lang.AssertionError" message="Search results should be displayed expected [true] but found [false]">
      <![CDATA[java.lang.AssertionError: Search results should be displayed expected [true] but found [false]
at com.example.tests.ActionDriverTest.testSearchFunctionality(ActionDriverTest.java:54)
at java.base/java.util.ArrayList.forEach(ArrayList.java:1511)
... Removed 34 stack frames]]>
    </failure>
  </testcase> <!-- testSearchFunctionality -->
  <testcase classname="com.example.tests.CartTest" name="testCartOperations" time="0.0">
    <skipped/>
  </testcase> <!-- testCartOperations -->
  <testcase classname="com.example.tests.LoginTest" name="testValidLogin" time="0.002">
    <failure type="java.lang.NullPointerException" message="Cannot invoke &amp;quot;java.util.Properties.getProperty(String)&amp;quot; because &amp;quot;this.loginData&amp;quot; is null">
      <![CDATA[java.lang.NullPointerException: Cannot invoke "java.util.Properties.getProperty(String)" because "this.loginData" is null
at com.example.tests.LoginTest.testValidLogin(LoginTest.java:53)
at java.base/java.util.ArrayList.forEach(ArrayList.java:1511)
... Removed 31 stack frames]]>
    </failure>
  </testcase> <!-- testValidLogin -->
  <testcase classname="com.example.tests.LoginTest" name="testInvalidLogin" time="0.002">
    <failure type="java.lang.IllegalArgumentException" message="Driver must be set">
      <![CDATA[java.lang.IllegalArgumentException: Driver must be set
at org.openqa.selenium.internal.Require.nonNull(Require.java:60)
at org.openqa.selenium.interactions.Actions.<init>(Actions.java:59)
at com.example.utils.ActionDriver.<init>(ActionDriver.java:17)
at com.example.pages.BasePage.<init>(BasePage.java:16)
at com.example.pages.IndexPage.<init>(IndexPage.java:25)
at com.example.tests.LoginTest.testInvalidLogin(LoginTest.java:70)
at java.base/java.util.ArrayList.forEach(ArrayList.java:1511)
... Removed 31 stack frames]]>
    </failure>
  </testcase> <!-- testInvalidLogin -->
  <testcase classname="com.example.tests.LoginTest" name="testEmptyCredentials" time="0.0">
    <failure type="java.lang.IllegalArgumentException" message="Driver must be set">
      <![CDATA[java.lang.IllegalArgumentException: Driver must be set
at org.openqa.selenium.internal.Require.nonNull(Require.java:60)
at org.openqa.selenium.interactions.Actions.<init>(Actions.java:59)
at com.example.utils.ActionDriver.<init>(ActionDriver.java:17)
at com.example.pages.BasePage.<init>(BasePage.java:16)
at com.example.pages.IndexPage.<init>(IndexPage.java:25)
at com.example.tests.LoginTest.testEmptyCredentials(LoginTest.java:91)
at java.base/java.util.ArrayList.forEach(ArrayList.java:1511)
... Removed 31 stack frames]]>
    </failure>
  </testcase> <!-- testEmptyCredentials -->
  <testcase classname="com.example.tests.LoginTest" name="testSignOut" time="0.0">
    <skipped/>
  </testcase> <!-- testSignOut -->
  <testcase classname="com.example.tests.ProductDetailsTest" name="testProductDetails" time="0.001">
    <failure type="java.lang.NullPointerException" message="Cannot invoke &amp;quot;java.util.Properties.getProperty(String)&amp;quot; because &amp;quot;this.productData&amp;quot; is null">
      <![CDATA[java.lang.NullPointerException: Cannot invoke "java.util.Properties.getProperty(String)" because "this.productData" is null
at com.example.tests.ProductDetailsTest.testProductDetails(ProductDetailsTest.java:37)
at java.base/java.util.ArrayList.forEach(ArrayList.java:1511)
... Removed 31 stack frames]]>
    </failure>
  </testcase> <!-- testProductDetails -->
  <testcase classname="com.example.tests.ProductTest" name="testAddToCart" time="0.001">
    <skipped/>
  </testcase> <!-- testAddToCart -->
  <testcase classname="com.example.tests.ProductTest" name="testProductSearch" time="0.0">
    <skipped/>
  </testcase> <!-- testProductSearch -->
  <testcase classname="com.example.tests.SmokeTest" name="testHomePageLoad" time="0.001">
    <failure type="java.lang.NullPointerException" message="Cannot invoke &amp;quot;com.example.utils.Config.getProperty(String, String)&amp;quot; because &amp;quot;this.config&amp;quot; is null">
      <![CDATA[java.lang.NullPointerException: Cannot invoke "com.example.utils.Config.getProperty(String, String)" because "this.config" is null
at com.example.tests.SmokeTest.testHomePageLoad(SmokeTest.java:16)
at java.base/java.util.ArrayList.forEach(ArrayList.java:1511)
... Removed 31 stack frames]]>
    </failure>
  </testcase> <!-- testHomePageLoad -->
  <testcase classname="com.example.tests.BaseTest" name="@AfterTest tearDown" time="0.0">
    <ignored/>
  </testcase> <!-- @AfterTest tearDown -->
  <testcase classname="com.example.tests.BaseTest" name="@BeforeTest setUp" time="0.0">
    <ignored/>
  </testcase> <!-- @BeforeTest setUp -->
  <testcase classname="com.example.tests.BaseTest" name="@AfterTest tearDown" time="0.0">
    <ignored/>
  </testcase> <!-- @AfterTest tearDown -->
  <testcase classname="com.example.tests.BaseTest" name="@AfterTest tearDown" time="0.0">
    <ignored/>
  </testcase> <!-- @AfterTest tearDown -->
  <testcase classname="com.example.tests.BaseTest" name="@AfterTest tearDown" time="0.0">
    <ignored/>
  </testcase> <!-- @AfterTest tearDown -->
  <testcase classname="com.example.tests.LoginTest" name="@BeforeTest setUp" time="0.0">
    <ignored/>
  </testcase> <!-- @BeforeTest setUp -->
  <testcase classname="com.example.tests.ProductDetailsTest" name="@BeforeTest setUp" time="0.0">
    <ignored/>
  </testcase> <!-- @BeforeTest setUp -->
  <testcase classname="com.example.tests.BaseTest" name="@AfterTest tearDown" time="0.0">
    <ignored/>
  </testcase> <!-- @AfterTest tearDown -->
</testsuite> <!-- All Tests -->
